[2025-07-05 18:18:08] [WARN]: Login failed: Missing fields
[2025-07-05 18:20:53] [WARN]: Login failed: Missing fields
[2025-07-05 18:21:00] [WARN]: Login failed: Missing fields
[2025-07-05 18:26:55] [WARN]: Login failed: Missing fields
[2025-07-05 18:27:25] [WARN]: Login failed: Missing fields
[2025-07-05 18:28:09] [WARN]: Login failed: Missing fields
[2025-07-05 18:29:09] [WARN]: Login failed: Missing fields
[2025-07-05 18:33:01] [WARN]: Login failed: Missing fields
[2025-07-05 18:36:41] [WARN]: Login failed: Missing fields
[2025-07-05 18:36:58] [WARN]: Login failed: Missing fields
[2025-07-05 18:46:46] [WARN]: Login failed: Missing fields
[2025-07-05 18:47:40] [WARN]: Login failed: Missing fields
[2025-07-05 18:51:07] [WARN]: Login failed: Missing fields
[2025-07-05 18:51:40] [WARN]: Login failed: Missing fields
[2025-07-05 18:53:58] [WARN]: Login failed for email user@example.com: User not found
[2025-07-05 18:54:21] [WARN]: Login failed for email admin@example.com: Invalid email or password
[2025-07-05 18:54:32] [INFO]: Login successful: admin@example.com
[2025-07-05 19:25:37] [INFO]: Server started and running at http://localhost:3000
[2025-07-05 19:26:05] [INFO]: Server started and running at http://localhost:3000
[2025-07-05 19:26:27] [INFO]: Server started and running at http://localhost:3000
[2025-07-05 19:31:34] [INFO]: Server started and running at http://localhost:3000
[2025-07-05 19:31:43] [INFO]: Server started and running at http://localhost:3000
[2025-07-05 19:33:06] [INFO]: Server started and running at http://localhost:3000
[2025-07-05 19:33:14] [INFO]: Server started and running at http://localhost:3000
[2025-07-05 19:36:25] [INFO]: Server started and running at http://localhost:3000
[2025-07-05 19:37:56] [INFO]: Server started and running at http://localhost:3000
[2025-07-05 19:38:31] [INFO]: Server started and running at http://localhost:3000
[2025-07-05 19:39:33] [INFO]: Server started and running at http://localhost:3000
[2025-07-05 19:41:59] [INFO]: Swagger specification generated successfully
[2025-07-05 19:42:01] [INFO]: Server started and running at http://localhost:3000
[2025-07-05 19:44:11] [INFO]: Swagger specification generated successfully
[2025-07-05 19:44:12] [INFO]: Server started and running at http://localhost:3000
[2025-07-05 19:44:44] [INFO]: Swagger specification generated successfully
[2025-07-05 19:44:46] [INFO]: Server started and running at http://localhost:3000
[2025-07-05 19:45:24] [INFO]: Swagger specification generated successfully
[2025-07-05 19:45:26] [INFO]: Server started and running at http://localhost:3000
[2025-07-05 19:47:48] [INFO]: Swagger specification generated successfully
[2025-07-05 19:47:50] [INFO]: Server started and running at http://localhost:3000
[2025-07-05 19:47:55] [INFO]: Swagger specification generated successfully
[2025-07-05 19:47:57] [INFO]: Server started and running at http://localhost:3000
[2025-07-05 19:48:43] [INFO]: Swagger specification generated successfully
[2025-07-05 19:48:45] [INFO]: Server started and running at http://localhost:3000
[2025-07-05 19:50:02] [INFO]: Server started and running at http://localhost:3000
[2025-07-05 19:50:36] [INFO]: Server started and running at http://localhost:3000
[2025-07-05 19:51:26] [INFO]: Server started and running at http://localhost:3000
